[debug] [2020-05-22T23:32:22.731Z] ----------------------------------------------------------------------
[debug] [2020-05-22T23:32:22.733Z] Command:       C:\Program Files\nodejs\node.exe C:\Users\Shafiq\AppData\Roaming\npm\node_modules\firebase-tools\lib\bin\firebase.js serve --only hosting,functions
[debug] [2020-05-22T23:32:22.733Z] CLI Version:   8.1.0
[debug] [2020-05-22T23:32:22.733Z] Platform:      win32
[debug] [2020-05-22T23:32:22.733Z] Node Version:  v12.14.1
[debug] [2020-05-22T23:32:22.734Z] Time:          Sat May 23 2020 07:32:22 GMT+0800 (Singapore Standard Time)
[debug] [2020-05-22T23:32:22.734Z] ----------------------------------------------------------------------
[debug] [2020-05-22T23:32:22.734Z] 
[debug] [2020-05-22T23:32:22.740Z] > command requires scopes: ["email","openid","https://www.googleapis.com/auth/cloudplatformprojects.readonly","https://www.googleapis.com/auth/firebase","https://www.googleapis.com/auth/cloud-platform"]
[debug] [2020-05-22T23:32:22.741Z] > authorizing via signed-in user
[debug] [2020-05-22T23:32:22.741Z] [iam] checking project carpool-world-5uck5 for permissions ["firebase.projects.get"]
[debug] [2020-05-22T23:32:22.743Z] >>> HTTP REQUEST POST https://cloudresourcemanager.googleapis.com/v1/projects/carpool-world-5uck5:testIamPermissions  
 {"permissions":["firebase.projects.get"]}
[debug] [2020-05-22T23:32:23.869Z] <<< HTTP RESPONSE 200 {"content-type":"application/json; charset=UTF-8","vary":"X-Origin, Referer, Origin,Accept-Encoding","date":"Fri, 22 May 2020 23:32:25 GMT","server":"ESF","cache-control":"private","x-xss-protection":"0","x-frame-options":"SAMEORIGIN","x-content-type-options":"nosniff","server-timing":"gfet4t7; dur=1064","alt-svc":"h3-27=\":443\"; ma=2592000,h3-25=\":443\"; ma=2592000,h3-T050=\":443\"; ma=2592000,h3-Q050=\":443\"; ma=2592000,h3-Q049=\":443\"; ma=2592000,h3-Q048=\":443\"; ma=2592000,h3-Q046=\":443\"; ma=2592000,h3-Q043=\":443\"; ma=2592000,quic=\":443\"; ma=2592000; v=\"46,43\"","accept-ranges":"none","transfer-encoding":"chunked"}
[debug] [2020-05-22T23:32:23.871Z] >>> HTTP REQUEST GET https://firebase.googleapis.com/v1beta1/projects/carpool-world-5uck5  
 
[debug] [2020-05-22T23:32:24.169Z] <<< HTTP RESPONSE 200 {"content-type":"application/json; charset=UTF-8","vary":"X-Origin, Referer, Origin,Accept-Encoding","date":"Fri, 22 May 2020 23:32:25 GMT","server":"ESF","cache-control":"private","x-xss-protection":"0","x-frame-options":"SAMEORIGIN","x-content-type-options":"nosniff","alt-svc":"h3-27=\":443\"; ma=2592000,h3-25=\":443\"; ma=2592000,h3-T050=\":443\"; ma=2592000,h3-Q050=\":443\"; ma=2592000,h3-Q049=\":443\"; ma=2592000,h3-Q048=\":443\"; ma=2592000,h3-Q046=\":443\"; ma=2592000,h3-Q043=\":443\"; ma=2592000,quic=\":443\"; ma=2592000; v=\"46,43\"","accept-ranges":"none","transfer-encoding":"chunked"}
[debug] [2020-05-22T23:32:24.171Z] >>> HTTP REQUEST GET https://firebase.googleapis.com/v1beta1/projects/carpool-world-5uck5/webApps/-/config  
 
[debug] [2020-05-22T23:32:25.959Z] <<< HTTP RESPONSE 200 {"content-type":"application/json; charset=UTF-8","vary":"X-Origin, Referer, Origin,Accept-Encoding","date":"Fri, 22 May 2020 23:32:27 GMT","server":"ESF","cache-control":"private","x-xss-protection":"0","x-frame-options":"SAMEORIGIN","x-content-type-options":"nosniff","alt-svc":"h3-27=\":443\"; ma=2592000,h3-25=\":443\"; ma=2592000,h3-T050=\":443\"; ma=2592000,h3-Q050=\":443\"; ma=2592000,h3-Q049=\":443\"; ma=2592000,h3-Q048=\":443\"; ma=2592000,h3-Q046=\":443\"; ma=2592000,h3-Q043=\":443\"; ma=2592000,quic=\":443\"; ma=2592000; v=\"46,43\"","accept-ranges":"none","transfer-encoding":"chunked"}
[info] i  hosting: Serving hosting files from: web-build
[info] +  hosting: Local server: http://localhost:5000
[warn] !  Your requested "node" version "8" doesn't match your global version "12"
[info] +  functions: functions emulator started at http://localhost:5001
[info] i  functions: Watching "d:\GitHub\simride-prototype\functions" for Cloud Functions...
[debug] [2020-05-22T23:32:26.194Z] [worker-pool] addWorker(~diagnostic~) 
[debug] [2020-05-22T23:32:26.194Z] [worker-pool] Adding worker with key ~diagnostic~, total=1 
[debug] [2020-05-22T23:32:26.194Z] [worker-pool] submitWork(triggerId=) 
[debug] [2020-05-22T23:32:26.194Z] [worker-~diagnostic~-b13d161a-ff37-4bc6-82c7-976832486e6e]: Assigning socketPath: \\?\pipe\d:\GitHub\simride-prototype\functions\19532 
[debug] [2020-05-22T23:32:26.195Z] [worker-~diagnostic~-b13d161a-ff37-4bc6-82c7-976832486e6e]: BUSY 
[debug] [2020-05-22T23:32:26.506Z] [runtime-status] [19532] Functions runtime initialized. {"cwd":"d:\\GitHub\\simride-prototype\\functions","node_version":"12.14.1"} 
[debug] [2020-05-22T23:32:26.506Z] [runtime-status] [19532] Disabled runtime features: undefined 
[debug] [2020-05-22T23:32:26.508Z] [runtime-status] [19532] Resolved module firebase-admin {"declared":true,"installed":true,"version":"8.11.0","resolution":"d:\\GitHub\\simride-prototype\\functions\\node_modules\\firebase-admin\\lib\\index.js"} 
[debug] [2020-05-22T23:32:26.510Z] [runtime-status] [19532] Resolved module firebase-functions {"declared":true,"installed":true,"version":"3.6.1","resolution":"d:\\GitHub\\simride-prototype\\functions\\node_modules\\firebase-functions\\lib\\index.js"} 
[debug] [2020-05-22T23:32:26.511Z] [runtime-status] [19532] Outgoing network have been stubbed. [{"name":"http","status":"mocked"},{"name":"http","status":"mocked"},{"name":"https","status":"mocked"},{"name":"https","status":"mocked"},{"name":"net","status":"mocked"}] 
[debug] [2020-05-22T23:32:26.542Z] [runtime-status] [19532] Checked functions.config() {"config":{}} 
[debug] [2020-05-22T23:32:26.543Z] [runtime-status] [19532] Resolved module firebase-functions {"declared":true,"installed":true,"version":"3.6.1","resolution":"d:\\GitHub\\simride-prototype\\functions\\node_modules\\firebase-functions\\lib\\index.js"} 
[debug] [2020-05-22T23:32:26.543Z] [runtime-status] [19532] Resolved module firebase-admin {"declared":true,"installed":true,"version":"8.11.0","resolution":"d:\\GitHub\\simride-prototype\\functions\\node_modules\\firebase-admin\\lib\\index.js"} 
[debug] [2020-05-22T23:32:26.544Z] [runtime-status] [19532] Resolved module firebase-functions {"declared":true,"installed":true,"version":"3.6.1","resolution":"d:\\GitHub\\simride-prototype\\functions\\node_modules\\firebase-functions\\lib\\index.js"} 
[debug] [2020-05-22T23:32:26.544Z] [runtime-status] [19532] firebase-admin has been stubbed. {"adminResolution":{"declared":true,"installed":true,"version":"8.11.0","resolution":"d:\\GitHub\\simride-prototype\\functions\\node_modules\\firebase-admin\\lib\\index.js"}} 
[debug] [2020-05-22T23:32:26.577Z] [runtime-status] [19532] config() parent accessed! {"parentKey":"firebase","parentConfig":{}} 
[debug] [2020-05-22T23:32:26.578Z] [runtime-status] [19532] initializeApp(DEFAULT) {"databaseURL":"https://carpool-world-5uck5.firebaseio.com","storageBucket":"carpool-world-5uck5.appspot.com","projectId":"carpool-world-5uck5"} 
[info] +  functions[charge]: http function initialized (http://localhost:5001/carpool-world-5uck5/us-central1/charge).
[debug] [2020-05-22T23:32:26.581Z] [worker-~diagnostic~-b13d161a-ff37-4bc6-82c7-976832486e6e]: IDLE 
